[  4%] [34m[1mGenerating generated/adv.cpp[0m
[  9%] [34m[1mGenerating generated/pub.cpp[0m
[ 14%] [34m[1mGenerating generated/ros_msg_io.cpp[0m
[ 19%] [34m[1mGenerating generated/ros_msg_io.h[0m
WARNING: bad msg: driver_base/ConfigString
WARNING: bad msg: driver_base/ConfigString
WARNING: bad msg: driver_base/ConfigString
WARNING: bad msg: driver_base/ConfigValue
WARNING: bad msg: driver_base/ConfigValue
WARNING: bad msg: driver_base/ConfigValue
WARNING: bad msg: driver_base/SensorLevels
WARNING: bad msg: driver_base/ConfigString
WARNING: bad msg: driver_base/SensorLevels
WARNING: bad msg: driver_base/SensorLevels
WARNING: bad msg: driver_base/ConfigValue
WARNING: bad msg: driver_base/SensorLevels
[ 23%] [34m[1mGenerating generated/ros_srv_io.cpp[0m
[ 28%] [34m[1mGenerating generated/ros_srv_io.h[0m
WARNING: bad msg: driver_base/ConfigString
WARNING: bad msg: driver_base/ConfigValue
WARNING: bad msg: driver_base/ConfigString
WARNING: bad msg: driver_base/SensorLevels
WARNING: bad msg: driver_base/ConfigValue
WARNING: bad msg: driver_base/SensorLevels
[ 33%] [34m[1mGenerating generated/srvcall.cpp[0m
[ 38%] [34m[1mGenerating generated/srvcli.cpp[0m
[ 42%] [34m[1mGenerating generated/srvsrv.cpp[0m
[ 47%] [34m[1mGenerating generated/sub.cpp[0m
WARNING: bad msg: driver_base/ConfigString
WARNING: bad msg: driver_base/ConfigValue
WARNING: bad msg: driver_base/SensorLevels
[ 47%] Built target generate_ros_code
[35m[1mScanning dependencies of target simExtROSInterface[0m
[ 57%] [32mBuilding CXX object CMakeFiles/simExtROSInterface.dir/src/sim_ros_interface.cpp.o[0m
[ 57%] [32mBuilding CXX object CMakeFiles/simExtROSInterface.dir/generated/ros_msg_io.cpp.o[0m
[ 61%] [32mBuilding CXX object CMakeFiles/simExtROSInterface.dir/generated/ros_srv_io.cpp.o[0m
In file included from [01m[K/home/lipsky/MyDsk/plug/src/sim_ros_interface/include/sim_ros_interface.h:76:0[m[K,
                 from [01m[K/home/lipsky/MyDsk/plug/src/sim_ros_interface/src/sim_ros_interface.cpp:1[m[K:
[01m[K/home/lipsky/MyDsk/plug/build/sim_ros_interface/generated/ros_msg_io.h:96:10:[m[K [01;31m[Kfatal error: [m[Kproject_demo/Leg.h: No such file or directory
 #include [01;31m[K<project_demo/Leg.h>[m[K
          [01;31m[K^~~~~~~~~~~~~~~~~~~~[m[K
compilation terminated.
In file included from [01m[K/home/lipsky/MyDsk/plug/build/sim_ros_interface/generated/ros_srv_io.cpp:1:0[m[K:
[01m[K/home/lipsky/MyDsk/plug/build/sim_ros_interface/generated/ros_msg_io.h:96:10:[m[K [01;31m[Kfatal error: [m[Kproject_demo/Leg.h: No such file or directory
 #include [01;31m[K<project_demo/Leg.h>[m[K
          [01;31m[K^~~~~~~~~~~~~~~~~~~~[m[K
compilation terminated.
In file included from [01m[K/home/lipsky/MyDsk/plug/build/sim_ros_interface/generated/ros_msg_io.cpp:1:0[m[K:
[01m[K/home/lipsky/MyDsk/plug/build/sim_ros_interface/generated/ros_msg_io.h:96:10:[m[K [01;31m[Kfatal error: [m[Kproject_demo/Leg.h: No such file or directory
 #include [01;31m[K<project_demo/Leg.h>[m[K
          [01;31m[K^~~~~~~~~~~~~~~~~~~~[m[K
compilation terminated.
CMakeFiles/simExtROSInterface.dir/build.make:84: recipe for target 'CMakeFiles/simExtROSInterface.dir/src/sim_ros_interface.cpp.o' failed
make[2]: *** [CMakeFiles/simExtROSInterface.dir/src/sim_ros_interface.cpp.o] Error 1
make[2]: *** Waiting for unfinished jobs....
CMakeFiles/simExtROSInterface.dir/build.make:162: recipe for target 'CMakeFiles/simExtROSInterface.dir/generated/ros_srv_io.cpp.o' failed
make[2]: *** [CMakeFiles/simExtROSInterface.dir/generated/ros_srv_io.cpp.o] Error 1
CMakeFiles/simExtROSInterface.dir/build.make:149: recipe for target 'CMakeFiles/simExtROSInterface.dir/generated/ros_msg_io.cpp.o' failed
make[2]: *** [CMakeFiles/simExtROSInterface.dir/generated/ros_msg_io.cpp.o] Error 1
CMakeFiles/Makefile2:2536: recipe for target 'CMakeFiles/simExtROSInterface.dir/all' failed
make[1]: *** [CMakeFiles/simExtROSInterface.dir/all] Error 2
Makefile:140: recipe for target 'all' failed
make: *** [all] Error 2
