Determining if the pthread_create exist failed with the following output:
Change Dir: /home/lipsky/MyDsk/plug/build/moveit/CMakeFiles/CMakeTmp

Run Build Command:"/usr/bin/make" "cmTC_3f9cf/fast"
/usr/bin/make -f CMakeFiles/cmTC_3f9cf.dir/build.make CMakeFiles/cmTC_3f9cf.dir/build
make[1]: Entering directory '/home/lipsky/MyDsk/plug/build/moveit/CMakeFiles/CMakeTmp'
Building C object CMakeFiles/cmTC_3f9cf.dir/CheckSymbolExists.c.o
/usr/bin/cc    -o CMakeFiles/cmTC_3f9cf.dir/CheckSymbolExists.c.o   -c /home/lipsky/MyDsk/plug/build/moveit/CMakeFiles/CMakeTmp/CheckSymbolExists.c
Linking C executable cmTC_3f9cf
/usr/bin/cmake -E cmake_link_script CMakeFiles/cmTC_3f9cf.dir/link.txt --verbose=1
/usr/bin/cc      -rdynamic CMakeFiles/cmTC_3f9cf.dir/CheckSymbolExists.c.o  -o cmTC_3f9cf 
CMakeFiles/cmTC_3f9cf.dir/CheckSymbolExists.c.o: In function `main':
CheckSymbolExists.c:(.text+0x1b): undefined reference to `pthread_create'
collect2: error: ld returned 1 exit status
CMakeFiles/cmTC_3f9cf.dir/build.make:86: recipe for target 'cmTC_3f9cf' failed
make[1]: *** [cmTC_3f9cf] Error 1
make[1]: Leaving directory '/home/lipsky/MyDsk/plug/build/moveit/CMakeFiles/CMakeTmp'
Makefile:121: recipe for target 'cmTC_3f9cf/fast' failed
make: *** [cmTC_3f9cf/fast] Error 2

File /home/lipsky/MyDsk/plug/build/moveit/CMakeFiles/CMakeTmp/CheckSymbolExists.c:
/* */
#include <pthread.h>

int main(int argc, char** argv)
{
  (void)argv;
#ifndef pthread_create
  return ((int*)(&pthread_create))[argc];
#else
  (void)argc;
  return 0;
#endif
}

Determining if the function pthread_create exists in the pthreads failed with the following output:
Change Dir: /home/lipsky/MyDsk/plug/build/moveit/CMakeFiles/CMakeTmp

Run Build Command:"/usr/bin/make" "cmTC_36757/fast"
/usr/bin/make -f CMakeFiles/cmTC_36757.dir/build.make CMakeFiles/cmTC_36757.dir/build
make[1]: Entering directory '/home/lipsky/MyDsk/plug/build/moveit/CMakeFiles/CMakeTmp'
Building C object CMakeFiles/cmTC_36757.dir/CheckFunctionExists.c.o
/usr/bin/cc   -DCHECK_FUNCTION_EXISTS=pthread_create   -o CMakeFiles/cmTC_36757.dir/CheckFunctionExists.c.o   -c /usr/share/cmake-3.13/Modules/CheckFunctionExists.c
Linking C executable cmTC_36757
/usr/bin/cmake -E cmake_link_script CMakeFiles/cmTC_36757.dir/link.txt --verbose=1
/usr/bin/cc  -DCHECK_FUNCTION_EXISTS=pthread_create    -rdynamic CMakeFiles/cmTC_36757.dir/CheckFunctionExists.c.o  -o cmTC_36757 -lpthreads 
/usr/bin/ld: cannot find -lpthreads
collect2: error: ld returned 1 exit status
CMakeFiles/cmTC_36757.dir/build.make:86: recipe for target 'cmTC_36757' failed
make[1]: *** [cmTC_36757] Error 1
make[1]: Leaving directory '/home/lipsky/MyDsk/plug/build/moveit/CMakeFiles/CMakeTmp'
Makefile:121: recipe for target 'cmTC_36757/fast' failed
make: *** [cmTC_36757/fast] Error 2


