Determining if the pthread_create exist failed with the following output:
Change Dir: /home/lipsky/MyDsk/plug/build/catkin_tools_prebuild/CMakeFiles/CMakeTmp

Run Build Command:"/usr/bin/make" "cmTC_41dab/fast"
/usr/bin/make -f CMakeFiles/cmTC_41dab.dir/build.make CMakeFiles/cmTC_41dab.dir/build
make[1]: Entering directory '/home/lipsky/MyDsk/plug/build/catkin_tools_prebuild/CMakeFiles/CMakeTmp'
Building C object CMakeFiles/cmTC_41dab.dir/CheckSymbolExists.c.o
/usr/bin/cc    -o CMakeFiles/cmTC_41dab.dir/CheckSymbolExists.c.o   -c /home/lipsky/MyDsk/plug/build/catkin_tools_prebuild/CMakeFiles/CMakeTmp/CheckSymbolExists.c
Linking C executable cmTC_41dab
/usr/bin/cmake -E cmake_link_script CMakeFiles/cmTC_41dab.dir/link.txt --verbose=1
/usr/bin/cc      -rdynamic CMakeFiles/cmTC_41dab.dir/CheckSymbolExists.c.o  -o cmTC_41dab 
CMakeFiles/cmTC_41dab.dir/CheckSymbolExists.c.o: In function `main':
CheckSymbolExists.c:(.text+0x1b): undefined reference to `pthread_create'
collect2: error: ld returned 1 exit status
CMakeFiles/cmTC_41dab.dir/build.make:86: recipe for target 'cmTC_41dab' failed
make[1]: *** [cmTC_41dab] Error 1
make[1]: Leaving directory '/home/lipsky/MyDsk/plug/build/catkin_tools_prebuild/CMakeFiles/CMakeTmp'
Makefile:121: recipe for target 'cmTC_41dab/fast' failed
make: *** [cmTC_41dab/fast] Error 2

File /home/lipsky/MyDsk/plug/build/catkin_tools_prebuild/CMakeFiles/CMakeTmp/CheckSymbolExists.c:
/* */
#include <pthread.h>

int main(int argc, char** argv)
{
  (void)argv;
#ifndef pthread_create
  return ((int*)(&pthread_create))[argc];
#else
  (void)argc;
  return 0;
#endif
}

Determining if the function pthread_create exists in the pthreads failed with the following output:
Change Dir: /home/lipsky/MyDsk/plug/build/catkin_tools_prebuild/CMakeFiles/CMakeTmp

Run Build Command:"/usr/bin/make" "cmTC_6b376/fast"
/usr/bin/make -f CMakeFiles/cmTC_6b376.dir/build.make CMakeFiles/cmTC_6b376.dir/build
make[1]: Entering directory '/home/lipsky/MyDsk/plug/build/catkin_tools_prebuild/CMakeFiles/CMakeTmp'
Building C object CMakeFiles/cmTC_6b376.dir/CheckFunctionExists.c.o
/usr/bin/cc   -DCHECK_FUNCTION_EXISTS=pthread_create   -o CMakeFiles/cmTC_6b376.dir/CheckFunctionExists.c.o   -c /usr/share/cmake-3.13/Modules/CheckFunctionExists.c
Linking C executable cmTC_6b376
/usr/bin/cmake -E cmake_link_script CMakeFiles/cmTC_6b376.dir/link.txt --verbose=1
/usr/bin/cc  -DCHECK_FUNCTION_EXISTS=pthread_create    -rdynamic CMakeFiles/cmTC_6b376.dir/CheckFunctionExists.c.o  -o cmTC_6b376 -lpthreads 
/usr/bin/ld: cannot find -lpthreads
collect2: error: ld returned 1 exit status
CMakeFiles/cmTC_6b376.dir/build.make:86: recipe for target 'cmTC_6b376' failed
make[1]: *** [cmTC_6b376] Error 1
make[1]: Leaving directory '/home/lipsky/MyDsk/plug/build/catkin_tools_prebuild/CMakeFiles/CMakeTmp'
Makefile:121: recipe for target 'cmTC_6b376/fast' failed
make: *** [cmTC_6b376/fast] Error 2


